<?xml version="1.0" encoding="UTF-8"?>
<testsuite xmlns:xsi="http://www.w3.org/2001/XMLSchema-instance" xsi:noNamespaceSchemaLocation="https://maven.apache.org/surefire/maven-surefire-plugin/xsd/surefire-test-report-3.0.xsd" version="3.0" name="com.talentshare.mentor.TlsMentorRegDemoV1ApplicationTests" time="4.128" tests="1" errors="0" skipped="0" failures="0">
  <properties>
[...]
</properties>
  <testcase name="contextLoads" classname="com.talentshare.mentor.TlsMentorRegDemoV1ApplicationTests" time="0.025">
    <system-out><![CDATA[16:29:38.015 [main] INFO org.springframework.test.context.support.AnnotationConfigContextLoaderUtils -- Could not detect default configuration classes for test class [com.talentshare.mentor.TlsMentorRegDemoV1ApplicationTests]: TlsMentorRegDemoV1ApplicationTests does not declare any static, non-private, non-final, nested classes annotated with @Configuration.
16:29:38.162 [main] INFO org.springframework.boot.test.context.SpringBootTestContextBootstrapper -- Found @SpringBootConfiguration com.talentshare.mentor.TlsMentorDemoV1Application for test class com.talentshare.mentor.TlsMentorRegDemoV1ApplicationTests

  .   ____          _            __ _ _
 /\\ / ___'_ __ _ _(_)_ __  __ _ \ \ \ \
( ( )\___ | '_ | '_| | '_ \/ _` | \ \ \ \
 \\/  ___)| |_)| | | | | || (_| |  ) ) ) )
  '  |____| .__|_| |_|_| |_\__, | / / / /
 =========|_|==============|___/=/_/_/_/
 :: Spring Boot ::                (v3.1.2)

2023-09-21T16:29:38.662+05:30  INFO 2732 --- [           main] c.t.m.TlsMentorRegDemoV1ApplicationTests : Starting TlsMentorRegDemoV1ApplicationTests using Java 17.0.6 with PID 2732 (started by abhijeetps in C:\Users\abhijeetps\Desktop\Final Backend\Mentor\git folder\talent-share-portal-1)
2023-09-21T16:29:38.665+05:30  INFO 2732 --- [           main] c.t.m.TlsMentorRegDemoV1ApplicationTests : No active profile set, falling back to 1 default profile: "default"
2023-09-21T16:29:39.609+05:30  INFO 2732 --- [           main] .s.d.r.c.RepositoryConfigurationDelegate : Bootstrapping Spring Data MongoDB repositories in DEFAULT mode.
2023-09-21T16:29:39.683+05:30  INFO 2732 --- [           main] .s.d.r.c.RepositoryConfigurationDelegate : Finished Spring Data repository scanning in 67 ms. Found 3 MongoDB repository interfaces.
2023-09-21T16:29:40.189+05:30  INFO 2732 --- [           main] org.mongodb.driver.client                : MongoClient with metadata {"driver": {"name": "mongo-java-driver|sync|spring-boot", "version": "4.9.1"}, "os": {"type": "Windows", "name": "Windows 10", "architecture": "amd64", "version": "10.0"}, "platform": "Java/Eclipse Adoptium/17.0.6+10"} created with settings MongoClientSettings{readPreference=primary, writeConcern=WriteConcern{w=null, wTimeout=null ms, journal=null}, retryWrites=true, retryReads=true, readConcern=ReadConcern{level=null}, credential=null, streamFactoryFactory=null, commandListeners=[], codecRegistry=ProvidersCodecRegistry{codecProviders=[ValueCodecProvider{}, BsonValueCodecProvider{}, DBRefCodecProvider{}, DBObjectCodecProvider{}, DocumentCodecProvider{}, CollectionCodecProvider{}, IterableCodecProvider{}, MapCodecProvider{}, GeoJsonCodecProvider{}, GridFSFileCodecProvider{}, Jsr310CodecProvider{}, JsonObjectCodecProvider{}, BsonCodecProvider{}, EnumCodecProvider{}, com.mongodb.client.model.mql.ExpressionCodecProvider@4eec5fa6, com.mongodb.Jep395RecordCodecProvider@21579b35]}, loggerSettings=LoggerSettings{maxDocumentLength=1000}, clusterSettings={hosts=[172.16.238.168:9292], srvServiceName=mongodb, mode=SINGLE, requiredClusterType=UNKNOWN, requiredReplicaSetName='null', serverSelector='null', clusterListeners='[]', serverSelectionTimeout='30000 ms', localThreshold='30000 ms'}, socketSettings=SocketSettings{connectTimeoutMS=10000, readTimeoutMS=0, receiveBufferSize=0, sendBufferSize=0}, heartbeatSocketSettings=SocketSettings{connectTimeoutMS=10000, readTimeoutMS=10000, receiveBufferSize=0, sendBufferSize=0}, connectionPoolSettings=ConnectionPoolSettings{maxSize=100, minSize=0, maxWaitTimeMS=120000, maxConnectionLifeTimeMS=0, maxConnectionIdleTimeMS=0, maintenanceInitialDelayMS=0, maintenanceFrequencyMS=60000, connectionPoolListeners=[], maxConnecting=2}, serverSettings=ServerSettings{heartbeatFrequencyMS=10000, minHeartbeatFrequencyMS=500, serverListeners='[]', serverMonitorListeners='[]'}, sslSettings=SslSettings{enabled=false, invalidHostNameAllowed=false, context=null}, applicationName='null', compressorList=[], uuidRepresentation=JAVA_LEGACY, serverApi=null, autoEncryptionSettings=null, contextProvider=null}
2023-09-21T16:29:40.255+05:30  INFO 2732 --- [16.238.168:9292] org.mongodb.driver.cluster               : Monitor thread successfully connected to server with description ServerDescription{address=172.16.238.168:9292, type=STANDALONE, state=CONNECTED, ok=true, minWireVersion=0, maxWireVersion=9, maxDocumentSize=16777216, logicalSessionTimeoutMinutes=30, roundTripTimeNanos=52723000}
2023-09-21T16:29:41.838+05:30  INFO 2732 --- [           main] c.t.m.TlsMentorRegDemoV1ApplicationTests : Started TlsMentorRegDemoV1ApplicationTests in 3.477 seconds (process running for 8.039)
]]></system-out>
  </testcase>
</testsuite>